TN:
SF:server.js
FN:23,createDatabase
FN:96,verificarToken
FN:113,(anonymous_2)
FN:141,(anonymous_3)
FN:172,(anonymous_4)
FN:214,(anonymous_5)
FN:222,(anonymous_6)
FN:229,(anonymous_7)
FN:248,(anonymous_8)
FN:257,(anonymous_9)
FN:276,(anonymous_10)
FN:293,(anonymous_11)
FN:340,(anonymous_12)
FN:374,(anonymous_13)
FN:395,(anonymous_14)
FN:406,(anonymous_15)
FN:429,(anonymous_16)
FN:441,(anonymous_17)
FN:461,(anonymous_18)
FN:477,(anonymous_19)
FN:493,(anonymous_20)
FN:514,(anonymous_21)
FN:537,(anonymous_22)
FN:551,(anonymous_23)
FN:563,(anonymous_24)
FN:581,(anonymous_25)
FN:597,(anonymous_26)
FN:632,(anonymous_27)
FN:676,(anonymous_28)
FN:695,(anonymous_29)
FN:714,(anonymous_30)
FN:741,(anonymous_31)
FN:764,(anonymous_32)
FN:784,(anonymous_33)
FN:797,(anonymous_34)
FN:811,(anonymous_35)
FN:836,(anonymous_36)
FN:840,(anonymous_37)
FN:843,(anonymous_38)
FN:853,(anonymous_39)
FN:863,(anonymous_40)
FNF:41
FNH:23
FNDA:8,createDatabase
FNDA:39,verificarToken
FNDA:0,(anonymous_2)
FNDA:20,(anonymous_3)
FNDA:18,(anonymous_4)
FNDA:1,(anonymous_5)
FNDA:2,(anonymous_6)
FNDA:4,(anonymous_7)
FNDA:1,(anonymous_8)
FNDA:5,(anonymous_9)
FNDA:2,(anonymous_10)
FNDA:4,(anonymous_11)
FNDA:2,(anonymous_12)
FNDA:1,(anonymous_13)
FNDA:2,(anonymous_14)
FNDA:1,(anonymous_15)
FNDA:2,(anonymous_16)
FNDA:4,(anonymous_17)
FNDA:2,(anonymous_18)
FNDA:0,(anonymous_19)
FNDA:1,(anonymous_20)
FNDA:2,(anonymous_21)
FNDA:0,(anonymous_22)
FNDA:1,(anonymous_23)
FNDA:1,(anonymous_24)
FNDA:0,(anonymous_25)
FNDA:0,(anonymous_26)
FNDA:0,(anonymous_27)
FNDA:0,(anonymous_28)
FNDA:0,(anonymous_29)
FNDA:0,(anonymous_30)
FNDA:0,(anonymous_31)
FNDA:1,(anonymous_32)
FNDA:0,(anonymous_33)
FNDA:0,(anonymous_34)
FNDA:0,(anonymous_35)
FNDA:0,(anonymous_36)
FNDA:0,(anonymous_37)
FNDA:0,(anonymous_38)
FNDA:0,(anonymous_39)
FNDA:0,(anonymous_40)
DA:1,8
DA:3,8
DA:4,8
DA:5,8
DA:6,8
DA:7,8
DA:8,8
DA:9,8
DA:10,8
DA:12,8
DA:14,8
DA:15,8
DA:16,8
DA:24,8
DA:25,8
DA:27,8
DA:76,8
DA:81,8
DA:82,8
DA:83,8
DA:85,0
DA:86,0
DA:89,8
DA:90,8
DA:97,39
DA:98,39
DA:100,38
DA:101,38
DA:102,38
DA:103,36
DA:105,2
DA:113,8
DA:114,0
DA:115,0
DA:116,0
DA:117,0
DA:118,0
DA:120,0
DA:133,0
DA:141,8
DA:142,20
DA:144,20
DA:145,1
DA:147,19
DA:148,1
DA:150,18
DA:151,1
DA:153,17
DA:154,17
DA:155,17
DA:160,16
DA:162,1
DA:163,1
DA:164,0
DA:172,8
DA:173,18
DA:175,18
DA:176,1
DA:179,17
DA:180,4
DA:181,1
DA:183,3
DA:188,3
DA:192,13
DA:193,13
DA:195,13
DA:196,1
DA:198,12
DA:204,12
DA:206,0
DA:214,8
DA:215,1
DA:222,8
DA:223,2
DA:226,2
DA:229,8
DA:230,4
DA:231,2
DA:232,2
DA:233,2
DA:234,2
DA:235,1
DA:237,1
DA:240,0
DA:248,8
DA:249,1
DA:250,1
DA:251,1
DA:253,0
DA:257,8
DA:258,5
DA:260,5
DA:261,1
DA:263,4
DA:264,4
DA:269,4
DA:271,0
DA:272,0
DA:276,8
DA:277,2
DA:278,2
DA:279,2
DA:280,1
DA:282,1
DA:285,0
DA:293,8
DA:294,4
DA:296,4
DA:297,1
DA:299,3
DA:300,3
DA:301,3
DA:303,3
DA:304,3
DA:310,3
DA:311,1
DA:318,3
DA:322,3
DA:323,3
DA:329,3
DA:331,0
DA:332,0
DA:340,8
DA:341,2
DA:343,2
DA:344,0
DA:346,2
DA:348,2
DA:349,2
DA:354,0
DA:360,2
DA:361,1
DA:363,1
DA:365,0
DA:366,0
DA:374,8
DA:375,1
DA:376,1
DA:377,1
DA:379,1
DA:384,1
DA:390,1
DA:392,1
DA:395,2
DA:398,0
DA:406,8
DA:407,1
DA:408,1
DA:409,1
DA:418,1
DA:420,0
DA:421,0
DA:429,8
DA:430,2
DA:431,2
DA:432,2
DA:433,2
DA:435,0
DA:436,0
DA:441,8
DA:442,4
DA:444,4
DA:445,0
DA:448,4
DA:449,4
DA:454,4
DA:456,0
DA:457,0
DA:461,8
DA:462,2
DA:463,2
DA:464,2
DA:465,1
DA:467,1
DA:469,0
DA:477,8
DA:478,0
DA:479,0
DA:485,0
DA:487,0
DA:488,0
DA:493,8
DA:494,1
DA:495,1
DA:496,1
DA:502,1
DA:504,0
DA:505,0
DA:514,8
DA:515,2
DA:517,2
DA:518,0
DA:521,2
DA:522,2
DA:523,2
DA:528,2
DA:529,2
DA:531,0
DA:532,0
DA:537,8
DA:538,0
DA:539,0
DA:544,0
DA:546,0
DA:551,8
DA:552,1
DA:553,1
DA:556,1
DA:558,0
DA:563,8
DA:564,1
DA:565,1
DA:566,1
DA:567,1
DA:569,0
DA:572,0
DA:581,8
DA:582,0
DA:583,0
DA:590,0
DA:592,0
DA:597,8
DA:598,0
DA:599,0
DA:601,0
DA:602,0
DA:604,0
DA:605,0
DA:611,0
DA:612,0
DA:613,0
DA:615,0
DA:616,0
DA:620,0
DA:624,0
DA:626,0
DA:627,0
DA:632,8
DA:633,0
DA:634,0
DA:636,0
DA:637,0
DA:639,0
DA:640,0
DA:646,0
DA:647,0
DA:649,0
DA:651,0
DA:660,0
DA:661,0
DA:663,0
DA:666,0
DA:667,0
DA:676,8
DA:677,0
DA:678,0
DA:680,0
DA:681,0
DA:688,0
DA:690,0
DA:695,8
DA:696,0
DA:697,0
DA:699,0
DA:700,0
DA:707,0
DA:709,0
DA:714,8
DA:715,0
DA:716,0
DA:718,0
DA:720,0
DA:721,0
DA:723,0
DA:724,0
DA:728,0
DA:729,0
DA:731,0
DA:733,0
DA:741,8
DA:742,0
DA:743,0
DA:745,0
DA:753,0
DA:755,0
DA:756,0
DA:764,8
DA:765,1
DA:766,1
DA:767,1
DA:774,1
DA:776,0
DA:784,8
DA:785,0
DA:786,0
DA:790,0
DA:791,0
DA:793,0
DA:797,8
DA:798,0
DA:799,0
DA:800,0
DA:801,0
DA:802,0
DA:805,0
DA:807,0
DA:811,8
DA:812,0
DA:813,0
DA:814,0
DA:815,0
DA:816,0
DA:817,0
DA:818,0
DA:819,0
DA:820,0
DA:821,0
DA:822,0
DA:823,0
DA:824,0
DA:825,0
DA:826,0
DA:828,0
DA:836,8
DA:837,0
DA:840,8
DA:841,0
DA:844,0
DA:853,8
DA:854,0
DA:861,8
DA:862,0
DA:863,0
DA:864,0
DA:865,0
DA:866,0
DA:870,8
LF:337
LH:188
BRDA:3,0,0,8
BRDA:3,0,1,8
BRDA:4,1,0,8
BRDA:4,1,1,0
BRDA:24,2,0,8
BRDA:24,2,1,0
BRDA:81,3,0,8
BRDA:81,3,1,0
BRDA:98,4,0,1
BRDA:98,4,1,38
BRDA:144,5,0,1
BRDA:144,5,1,19
BRDA:144,6,0,20
BRDA:144,6,1,20
BRDA:144,6,2,20
BRDA:144,6,3,19
BRDA:147,7,0,1
BRDA:147,7,1,18
BRDA:150,8,0,1
BRDA:150,8,1,17
BRDA:162,9,0,1
BRDA:162,9,1,0
BRDA:175,10,0,1
BRDA:175,10,1,17
BRDA:175,11,0,18
BRDA:175,11,1,17
BRDA:179,12,0,4
BRDA:179,12,1,13
BRDA:180,13,0,1
BRDA:180,13,1,3
BRDA:195,14,0,1
BRDA:195,14,1,12
BRDA:195,15,0,13
BRDA:195,15,1,12
BRDA:230,16,0,2
BRDA:230,16,1,2
BRDA:234,17,0,1
BRDA:234,17,1,1
BRDA:260,18,0,1
BRDA:260,18,1,4
BRDA:260,19,0,5
BRDA:260,19,1,4
BRDA:260,19,2,4
BRDA:260,19,3,4
BRDA:279,20,0,1
BRDA:279,20,1,1
BRDA:296,21,0,1
BRDA:296,21,1,3
BRDA:296,22,0,4
BRDA:296,22,1,4
BRDA:296,22,2,3
BRDA:296,22,3,3
BRDA:296,22,4,3
BRDA:310,23,0,1
BRDA:310,23,1,2
BRDA:322,24,0,3
BRDA:322,24,1,0
BRDA:343,25,0,0
BRDA:343,25,1,2
BRDA:343,26,0,2
BRDA:343,26,1,0
BRDA:343,26,2,0
BRDA:343,26,3,0
BRDA:348,27,0,2
BRDA:348,27,1,0
BRDA:360,28,0,1
BRDA:360,28,1,1
BRDA:390,29,0,1
BRDA:390,29,1,0
BRDA:394,30,0,1
BRDA:394,30,1,0
BRDA:444,31,0,0
BRDA:444,31,1,4
BRDA:444,32,0,4
BRDA:444,32,1,4
BRDA:444,32,2,4
BRDA:452,33,0,4
BRDA:452,33,1,0
BRDA:452,34,0,4
BRDA:452,34,1,3
BRDA:464,35,0,1
BRDA:464,35,1,1
BRDA:517,36,0,0
BRDA:517,36,1,2
BRDA:517,37,0,2
BRDA:517,37,1,2
BRDA:517,37,2,2
BRDA:566,38,0,1
BRDA:566,38,1,0
BRDA:601,39,0,0
BRDA:601,39,1,0
BRDA:611,40,0,0
BRDA:611,40,1,0
BRDA:612,41,0,0
BRDA:612,41,1,0
BRDA:615,42,0,0
BRDA:615,42,1,0
BRDA:616,43,0,0
BRDA:616,43,1,0
BRDA:636,44,0,0
BRDA:636,44,1,0
BRDA:636,45,0,0
BRDA:636,45,1,0
BRDA:646,46,0,0
BRDA:646,46,1,0
BRDA:660,47,0,0
BRDA:660,47,1,0
BRDA:677,48,0,0
BRDA:677,48,1,0
BRDA:677,49,0,0
BRDA:677,49,1,0
BRDA:696,50,0,0
BRDA:696,50,1,0
BRDA:696,51,0,0
BRDA:696,51,1,0
BRDA:715,52,0,0
BRDA:715,52,1,0
BRDA:715,53,0,0
BRDA:715,53,1,0
BRDA:720,54,0,0
BRDA:720,54,1,0
BRDA:726,55,0,0
BRDA:726,55,1,0
BRDA:728,56,0,0
BRDA:728,56,1,0
BRDA:790,57,0,0
BRDA:790,57,1,0
BRDA:799,58,0,0
BRDA:799,58,1,0
BRDA:799,59,0,0
BRDA:799,59,1,0
BRDA:804,60,0,0
BRDA:804,60,1,0
BRDA:804,61,0,0
BRDA:804,61,1,0
BRDA:813,62,0,0
BRDA:813,62,1,0
BRDA:813,63,0,0
BRDA:813,63,1,0
BRDA:813,63,2,0
BRDA:815,64,0,0
BRDA:815,64,1,0
BRDA:817,65,0,0
BRDA:817,65,1,0
BRDA:821,66,0,0
BRDA:821,66,1,0
BRDA:823,67,0,0
BRDA:823,67,1,0
BRDA:844,68,0,0
BRDA:844,68,1,0
BRDA:861,69,0,0
BRDA:861,69,1,8
BRDA:862,70,0,0
BRDA:862,70,1,0
BRF:154
BRH:74
end_of_record
